This is XeTeX, Version 3.14159265-2.6-0.99998 (TeX Live 2017) (preloaded format=xelatex 2018.2.7)  20 APR 2020 12:13
entering extended mode
 restricted \write18 enabled.
 %&-line parsing enabled.
**Mainmatter.tex
(./Mainmatter.tex
LaTeX2e <2017-04-15>
Babel <3.10> and hyphenation patterns for 84 language(s) loaded.

! LaTeX Error: File `Tex/chap5.tex' not found.

Type X to quit or <RETURN> to proceed,
or enter new name. (Default extension: tex)

Enter file name: 
! Emergency stop.
<read *> 
         
l.8 \input{Tex/chap5}
                     ^^M
*** (cannot \read from terminal in nonstop modes)

 
Here is how much of TeX's memory you used:
 6 strings out of 493005
 63 string characters out of 6134597
 61634 words of memory out of 5000000
 4077 multiletter control sequences out of 15000+600000
 3640 words of font info for 14 fonts, out of 8000000 for 9000
 1348 hyphenation exceptions out of 8191
 5i,0n,3p,94b,8s stack positions out of 5000i,500n,10000p,200000b,80000s
No pages of output.
