\BOOKMARK [0][-]{section*.2}{摘 要}{}% 1
\BOOKMARK [0][-]{section*.4}{Abstract}{}% 2
\BOOKMARK [0][-]{section*.5}{目 录}{}% 3
\BOOKMARK [0][-]{section*.7}{图目录}{}% 4
\BOOKMARK [0][-]{section*.9}{表目录}{}% 5
\BOOKMARK [0][-]{section*.12}{符号列表}{}% 6
\BOOKMARK [0][-]{chapter.1}{第1章  绪论}{}% 7
\BOOKMARK [1][-]{section.1.1}{1.1 研究背景和意义}{chapter.1}% 8
\BOOKMARK [1][-]{section.1.2}{1.2 国内外相关研究进展}{chapter.1}% 9
\BOOKMARK [2][-]{subsection.1.2.1}{1.2.1 陆地地表风速长期变化}{section.1.2}% 10
\BOOKMARK [2][-]{subsection.1.2.2}{1.2.2 陆地地表风速长期变化的原因}{section.1.2}% 11
\BOOKMARK [2][-]{subsection.1.2.3}{1.2.3 风能资源评估与变化}{section.1.2}% 12
\BOOKMARK [1][-]{section.1.3}{1.3 论文主要内容}{chapter.1}% 13
\BOOKMARK [0][-]{chapter.2}{第2章  北半球陆地地表风速长期变化的时空特征}{}% 14
\BOOKMARK [1][-]{section.2.1}{2.1 引言}{chapter.2}% 15
\BOOKMARK [1][-]{section.2.2}{2.2 资料和方法}{chapter.2}% 16
\BOOKMARK [1][-]{section.2.3}{2.3 北半球陆地地表风速长期线性趋势}{chapter.2}% 17
\BOOKMARK [2][-]{subsection.2.3.1}{2.3.1 陆地地表风速长期线性趋势的空间特征}{section.2.3}% 18
\BOOKMARK [2][-]{subsection.2.3.2}{2.3.2 百分位风速长期线性趋势}{section.2.3}% 19
\BOOKMARK [2][-]{subsection.2.3.3}{2.3.3 四季风速长期线性趋势}{section.2.3}% 20
\BOOKMARK [2][-]{subsection.2.3.4}{2.3.4 不同海拔站点风速长期线性趋势}{section.2.3}% 21
\BOOKMARK [1][-]{section.2.4}{2.4 北半球陆地地表风速趋势的年代际变化}{chapter.2}% 22
\BOOKMARK [1][-]{section.2.5}{2.5 北半球陆地地表风速长期变化的不确定性分析}{chapter.2}% 23
\BOOKMARK [2][-]{subsection.2.5.1}{2.5.1 风速长期线性趋势的不确定性}{section.2.5}% 24
\BOOKMARK [2][-]{subsection.2.5.2}{2.5.2 风速趋势年代际变化的不确定性}{section.2.5}% 25
\BOOKMARK [1][-]{section.2.6}{2.6 本章小结}{chapter.2}% 26
\BOOKMARK [0][-]{chapter.3}{第3章  大气运动驱动力变化对陆地地表风速长期变化的影响}{}% 27
\BOOKMARK [1][-]{section.3.1}{3.1 引言}{chapter.3}% 28
\BOOKMARK [1][-]{section.3.2}{3.2 资料和方法}{chapter.3}% 29
\BOOKMARK [1][-]{section.3.3}{3.3 对流层风速长期变化}{chapter.3}% 30
\BOOKMARK [2][-]{subsection.3.3.1}{3.3.1 对流层风速长期线性趋势}{section.3.3}% 31
\BOOKMARK [2][-]{subsection.3.3.2}{3.3.2 对流层风速年代际变化}{section.3.3}% 32
\BOOKMARK [1][-]{section.3.4}{3.4 气压场变化的影响}{chapter.3}% 33
\BOOKMARK [1][-]{section.3.5}{3.5 大尺度海温和环流系统变化的影响}{chapter.3}% 34
\BOOKMARK [1][-]{section.3.6}{3.6 本章小结}{chapter.3}% 35
\BOOKMARK [0][-]{chapter.4}{第4章  大气运动阻力变化对陆地地表风速长期变化的影响}{}% 36
\BOOKMARK [1][-]{section.4.1}{4.1 引言}{chapter.4}% 37
\BOOKMARK [1][-]{section.4.2}{4.2 资料和方法}{chapter.4}% 38
\BOOKMARK [1][-]{section.4.3}{4.3 城市化的影响}{chapter.4}% 39
\BOOKMARK [2][-]{subsection.4.3.1}{4.3.1 基于城市动态变化和风速观测数据的统计学分析}{section.4.3}% 40
\BOOKMARK [2][-]{subsection.4.3.2}{4.3.2 数值试验}{section.4.3}% 41
\BOOKMARK [1][-]{section.4.4}{4.4 植被变化的影响}{chapter.4}% 42
\BOOKMARK [2][-]{subsection.4.4.1}{4.4.1 基于NDVI和风速观测数据的统计学分析}{section.4.4}% 43
\BOOKMARK [2][-]{subsection.4.4.2}{4.4.2 数值试验}{section.4.4}% 44
\BOOKMARK [1][-]{section.4.5}{4.5 大气稳定度变化的影响}{chapter.4}% 45
\BOOKMARK [1][-]{section.4.6}{4.6 本章小结}{chapter.4}% 46
\BOOKMARK [0][-]{chapter.5}{第5章  北半球陆地地表风速长期变化对风能资源的影响}{}% 47
\BOOKMARK [1][-]{section.5.1}{5.1 引言}{chapter.5}% 48
\BOOKMARK [1][-]{section.5.2}{5.2 资料和方法}{chapter.5}% 49
\BOOKMARK [1][-]{section.5.3}{5.3 北半球风能资源评估}{chapter.5}% 50
\BOOKMARK [1][-]{section.5.4}{5.4 陆地地表风速长期变化对风能资源的影响}{chapter.5}% 51
\BOOKMARK [1][-]{section.5.5}{5.5 风能资源长期变化模拟的不确定性}{chapter.5}% 52
\BOOKMARK [1][-]{section.5.6}{5.6 本章小结}{chapter.5}% 53
\BOOKMARK [0][-]{chapter.6}{第6章  总结与展望}{}% 54
\BOOKMARK [1][-]{section.6.1}{6.1 本文主要结论}{chapter.6}% 55
\BOOKMARK [1][-]{section.6.2}{6.2 问题与展望}{chapter.6}% 56
\BOOKMARK [1][-]{section.6.3}{6.3 本文主要创新点}{chapter.6}% 57
\BOOKMARK [0][-]{section*.99}{参考文献}{}% 58
\BOOKMARK [0][-]{appendix*.101}{作者简历及攻读学位期间发表的学术论文与研究成果}{}% 59
\BOOKMARK [0][-]{appendix*.105}{致谢}{}% 60
